<?xml version="1.0" encoding="UTF-8"?>
<!-- Generated by org.testng.reporters.JUnitReportReporter -->
<testsuite skipped="0" hostname="DESKTOP-0UFG3UU" name="com.mystore.testcases.parallel.EndToEndTest" tests="1" failures="0" timestamp="20 Jul 2020 09:39:22 GMT" time="41.482" errors="0">
  <testcase name="endToEnd" time="41.482" classname="com.mystore.testcases.parallel.EndToEndTest"/>
</testsuite> <!-- com.mystore.testcases.parallel.EndToEndTest -->
