<?xml version="1.0" encoding="UTF-8"?>
<!-- Generated by org.testng.reporters.JUnitReportReporter -->
<testsuite skipped="0" hostname="DESKTOP-0UFG3UU" name="com.mystore.testcases.AddToCartPageTest" tests="1" failures="0" timestamp="13 Jul 2020 14:48:59 GMT" time="26.712" errors="0">
  <testcase name="addToCartTest" time="26.712" classname="com.mystore.testcases.AddToCartPageTest"/>
</testsuite> <!-- com.mystore.testcases.AddToCartPageTest -->
