<?xml version="1.0" encoding="UTF-8"?>
<!-- Generated by org.testng.reporters.JUnitReportReporter -->
<testsuite skipped="0" hostname="DESKTOP-0UFG3UU" name="com.mystore.testcases.LoginPageTest" tests="1" failures="0" timestamp="10 Jul 2020 11:33:46 GMT" time="14.438" errors="0">
  <testcase name="loginTest" time="14.438" classname="com.mystore.testcases.LoginPageTest"/>
</testsuite> <!-- com.mystore.testcases.LoginPageTest -->
