<?xml version="1.0" encoding="UTF-8"?>
<!-- Generated by org.testng.reporters.JUnitReportReporter -->
<testsuite skipped="0" hostname="DESKTOP-0UFG3UU" name="com.mystore.testcases.AccountCreationPageTest" tests="1" failures="0" timestamp="10 Jul 2020 13:05:51 GMT" time="17.741" errors="0">
  <testcase name="VerifyCreatAccountPageTest" time="17.741" classname="com.mystore.testcases.AccountCreationPageTest"/>
</testsuite> <!-- com.mystore.testcases.AccountCreationPageTest -->
