<?xml version="1.0" encoding="UTF-8"?>
<!-- Generated by org.testng.reporters.JUnitReportReporter -->
<testsuite skipped="0" hostname="DESKTOP-0UFG3UU" name="com.mystore.testcases.HomePageTest" tests="2" failures="0" timestamp="10 Jul 2020 11:40:05 GMT" time="29.132" errors="0">
  <testcase name="wishListTest" time="13.999" classname="com.mystore.testcases.HomePageTest"/>
  <testcase name="orderHistoryTest" time="15.133" classname="com.mystore.testcases.HomePageTest"/>
</testsuite> <!-- com.mystore.testcases.HomePageTest -->
