<?xml version="1.0" encoding="UTF-8"?>
<!-- Generated by org.testng.reporters.JUnitReportReporter -->
<testsuite skipped="0" hostname="DESKTOP-0UFG3UU" name="com.mystore.testcases.parallel.SearchResultPageTest" tests="1" failures="0" timestamp="20 Jul 2020 09:39:22 GMT" time="16.441" errors="0">
  <testcase name="productAvailabiltyTest" time="16.441" classname="com.mystore.testcases.parallel.SearchResultPageTest"/>
</testsuite> <!-- com.mystore.testcases.parallel.SearchResultPageTest -->
