<?xml version="1.0" encoding="UTF-8"?>
<!-- Generated by org.testng.reporters.JUnitReportReporter -->
<testsuite skipped="0" hostname="DESKTOP-0UFG3UU" name="com.mystore.testcases.IndexPageTest" tests="2" failures="0" timestamp="10 Jul 2020 10:46:08 GMT" time="21.742" errors="0">
  <testcase name="verifyLogo" time="11.043" classname="com.mystore.testcases.IndexPageTest"/>
  <testcase name="verifyTitle" time="10.699" classname="com.mystore.testcases.IndexPageTest"/>
</testsuite> <!-- com.mystore.testcases.IndexPageTest -->
