<?xml version="1.0" encoding="UTF-8"?>
<!-- Generated by org.testng.reporters.JUnitReportReporter -->
<testsuite skipped="0" hostname="DESKTOP-0UFG3UU" name="com.mystore.testcases.parallel.HomePageTest" tests="2" failures="0" timestamp="20 Jul 2020 09:39:22 GMT" time="35.430" errors="0">
  <testcase name="wishListTest" time="16.720" classname="com.mystore.testcases.parallel.HomePageTest"/>
  <testcase name="orderHistoryTest" time="18.710" classname="com.mystore.testcases.parallel.HomePageTest"/>
</testsuite> <!-- com.mystore.testcases.parallel.HomePageTest -->
