<?xml version="1.0" encoding="UTF-8"?>
<!-- Generated by org.testng.reporters.JUnitReportReporter -->
<testsuite skipped="0" hostname="DESKTOP-0UFG3UU" name="com.mystore.testcases.parallel.IndexPageTest" tests="2" failures="0" timestamp="20 Jul 2020 09:39:22 GMT" time="28.345" errors="0">
  <testcase name="verifyLogo" time="15.053" classname="com.mystore.testcases.parallel.IndexPageTest"/>
  <testcase name="verifyTitle" time="13.292" classname="com.mystore.testcases.parallel.IndexPageTest"/>
</testsuite> <!-- com.mystore.testcases.parallel.IndexPageTest -->
