<?xml version="1.0" encoding="UTF-8"?>
<!-- Generated by org.testng.reporters.JUnitReportReporter -->
<testsuite skipped="0" hostname="DESKTOP-0UFG3UU" name="com.mystore.testcases.EndToEndTest" tests="1" failures="0" timestamp="13 Jul 2020 17:22:23 GMT" time="36.751" errors="0">
  <testcase name="endToEnd" time="36.751" classname="com.mystore.testcases.EndToEndTest"/>
</testsuite> <!-- com.mystore.testcases.EndToEndTest -->
