<?xml version="1.0" encoding="UTF-8"?>
<!-- Generated by org.testng.reporters.JUnitReportReporter -->
<testsuite skipped="0" hostname="DESKTOP-0UFG3UU" name="com.mystore.testcases.SearchResultPageTest" tests="1" failures="0" timestamp="13 Jul 2020 09:28:37 GMT" time="21.102" errors="0">
  <testcase name="productAvailabiltyTest" time="21.102" classname="com.mystore.testcases.SearchResultPageTest"/>
</testsuite> <!-- com.mystore.testcases.SearchResultPageTest -->
