<?xml version="1.0" encoding="UTF-8"?>
<!-- Generated by org.testng.reporters.JUnitReportReporter -->
<testsuite skipped="0" hostname="DESKTOP-0UFG3UU" name="com.mystore.testcases.OrderPageTest" tests="1" failures="0" timestamp="13 Jul 2020 16:33:50 GMT" time="22.104" errors="0">
  <testcase name="verifyTotalPrice" time="22.104" classname="com.mystore.testcases.OrderPageTest"/>
</testsuite> <!-- com.mystore.testcases.OrderPageTest -->
